21:18:05 [INF][      Workbench]: Starting up Workbench
21:18:05 [INF][   WBContext UI]: Initializing workbench context UI with these values:
	base dir: /Applications/MySQLWorkbench.app/Contents/Resources
	plugin path: /Applications/MySQLWorkbench.app/Contents/PlugIns
	struct path: /Applications/MySQLWorkbench.app/Contents/Resources/grt
	module path: /Applications/MySQLWorkbench.app/Contents/PlugIns:/Applications/MySQLWorkbench.app/Contents/Resources/plugins
	library path: /Applications/MySQLWorkbench.app/Contents/Resources/libraries
	user data dir: /Users/mervstudy/Library/Application Support/MySQL/Workbench
	open at start: 
	open type: 
	run at startup: 
	run type: 
	Force SW rendering: No
	Force OpenGL: No
	quit when done: No
21:18:05 [INF][      WBContext]: WbContext::init
21:18:05 [INF][            WBA]: Looking for extension modules for WBA...
21:18:05 [INF][            WBA]: 0 extension modules found
21:18:05 [WRN][            grt]: Duplicate plugin name wb.tools.cmdlineClient	There is more than one plugin with the name wb.tools.cmdlineClient (in PyWbUtils and PyWbUtils).
21:18:05 [WRN][            grt]: /Users/mervstudy/Library/Application Support/MySQL/Workbench/connections.xml:26: link '1ADBC9B1-B9AC-4866-812D-A1D84A0D4C03' <object GrtObject> key=owner could not be resolved
21:18:05 [WRN][            grt]: Duplicate plugin name wb.tools.cmdlineClient	There is more than one plugin with the name wb.tools.cmdlineClient (in PyWbUtils and PyWbUtils).
21:18:05 [INF][      WBContext]: System info:
 	MySQL Workbench Community (GPL) for macOS version 8.0.30 CE build 2054668 (64 bit)
	Configuration Directory: /Users/mervstudy/Library/Application Support/MySQL/Workbench
	Data Directory: /Applications/MySQLWorkbench.app/Contents/Resources
	Cairo Version: 1.17.4
	OS: unknown
	CPU: 8x Intel(R) Core(TM) i7-1068NG7 CPU @ 2.30GHz - 16.00GiB RAM
No video adapter info available

21:18:05 [WRN][         mforms]: Resource file not found: wb_tile_sakila_dark@2x.png
21:18:05 [WRN][         mforms]: Resource file not found: wb_tile_manage_dark@2x.png
21:18:05 [WRN][         mforms]: Resource file not found: wb_tile_folder@2x.png
21:18:05 [WRN][         mforms]: Resource file not found: wb_tile_network_dark@2x.png
21:18:05 [WRN][         mforms]: Resource file not found: wb_tile_plus_dark@2x.png
21:18:05 [WRN][         mforms]: Resource file not found: wb_tile_user_dark@2x.png
21:18:05 [WRN][         mforms]: Resource file not found: wb_tile_plus_dark@2x.png
21:18:05 [WRN][         mforms]: Resource file not found: wb_doc_sql@2x.png
21:18:05 [WRN][         mforms]: Resource file not found: wb_tile_number_dark@2x.png
21:18:05 [WRN][         mforms]: Resource file not found: wb_close@2x.png
21:18:05 [WRN][         mforms]: Resource file not found: wb_tile_open_dark@2x.png
21:18:05 [WRN][         mforms]: Resource file not found: wb_tile_more_dark@2x.png
21:18:05 [WRN][         mforms]: Resource file not found: wb_tile_sakila_dark@2x.png
21:18:05 [WRN][         mforms]: Resource file not found: wb_tile_manage_dark@2x.png
21:18:05 [WRN][         mforms]: Resource file not found: wb_tile_folder@2x.png
21:18:05 [WRN][         mforms]: Resource file not found: wb_tile_network_dark@2x.png
21:18:05 [WRN][         mforms]: Resource file not found: wb_tile_plus_dark@2x.png
21:18:05 [WRN][         mforms]: Resource file not found: wb_tile_user_dark@2x.png
21:18:05 [WRN][         mforms]: Resource file not found: wb_tile_plus_dark@2x.png
21:18:05 [WRN][         mforms]: Resource file not found: wb_doc_sql@2x.png
21:18:05 [WRN][         mforms]: Resource file not found: wb_tile_number_dark@2x.png
21:18:05 [WRN][         mforms]: Resource file not found: wb_close@2x.png
21:18:05 [WRN][         mforms]: Resource file not found: wb_tile_open_dark@2x.png
21:18:05 [WRN][         mforms]: Resource file not found: wb_tile_more_dark@2x.png
21:18:05 [WRN][       WBModule]: OS detection failed, skipping OS support check. OS string: 'unknown'
21:18:08 [INF][SQL Editor Form]: Opened connection 'Local instance 3306' to MySQL Community Server - GPL version 8.0.32
21:18:08 [WRN][         mforms]: Resource file not found: snippet_sql@2x.png
21:18:08 [WRN][         mforms]: Resource file not found: busy_sidebar_mac@2x.png
21:18:08 [WRN][         mforms]: Resource file not found: busy_sidebar_mac@2x.png
21:18:08 [WRN][         mforms]: Resource file not found: busy_sidebar_mac@2x.png
21:18:08 [WRN][         mforms]: Resource file not found: wb_perform_config@2x.png
21:18:08 [WRN][         mforms]: Resource file not found: busy_sidebar_mac@2x.png
21:18:08 [WRN][         mforms]: Resource file not found: editor_statement@2x.png
21:18:08 [WRN][         mforms]: Resource file not found: editor_error@2x.png
21:18:08 [WRN][         mforms]: Resource file not found: editor_breakpoint@2x.png
21:18:08 [WRN][         mforms]: Resource file not found: editor_breakpoint_hit@2x.png
21:18:08 [WRN][         mforms]: Resource file not found: editor_current_pos@2x.png
21:18:08 [WRN][         mforms]: Resource file not found: editor_continue_on_error@2x.png
21:18:08 [WRN][         mforms]: Resource file not found: ac_keyword@2x.png
21:18:08 [WRN][         mforms]: Resource file not found: ac_schema@2x.png
21:18:08 [WRN][         mforms]: Resource file not found: ac_table@2x.png
21:18:08 [WRN][         mforms]: Resource file not found: ac_routine@2x.png
21:18:08 [WRN][         mforms]: Resource file not found: ac_function@2x.png
21:18:08 [WRN][         mforms]: Resource file not found: ac_view@2x.png
21:18:08 [WRN][         mforms]: Resource file not found: ac_column@2x.png
21:18:08 [WRN][         mforms]: Resource file not found: ac_operator@2x.png
21:18:08 [WRN][         mforms]: Resource file not found: ac_engine@2x.png
21:18:08 [WRN][         mforms]: Resource file not found: ac_trigger@2x.png
21:18:08 [WRN][         mforms]: Resource file not found: ac_logfilegroup@2x.png
21:18:08 [WRN][         mforms]: Resource file not found: ac_uservar@2x.png
21:18:08 [WRN][         mforms]: Resource file not found: ac_sysvar@2x.png
21:18:08 [WRN][         mforms]: Resource file not found: ac_tablespace@2x.png
21:18:08 [WRN][         mforms]: Resource file not found: ac_event@2x.png
21:18:08 [WRN][         mforms]: Resource file not found: ac_index@2x.png
21:18:08 [WRN][         mforms]: Resource file not found: ac_user@2x.png
21:18:08 [WRN][         mforms]: Resource file not found: ac_charset@2x.png
21:18:08 [WRN][         mforms]: Resource file not found: ac_collation@2x.png
21:18:08 [WRN][         mforms]: Resource file not found: busy_sidebar_mac@2x.png
21:18:08 [WRN][         mforms]: Resource file not found: busy_sidebar_mac@2x.png
21:18:08 [WRN][         mforms]: Resource file not found: wb_perform_config@2x.png
21:18:08 [WRN][         mforms]: Resource file not found: busy_sidebar_mac@2x.png
21:18:08 [WRN][         mforms]: Resource file not found: busy_sidebar_mac@2x.png
21:18:09 [WRN][         mforms]: Resource file not found: busy_sidebar_mac@2x.png
21:18:09 [WRN][         mforms]: Resource file not found: wb_perform_config@2x.png
21:18:09 [WRN][         mforms]: Resource file not found: busy_sidebar_mac@2x.png
21:18:09 [WRN][         mforms]: Resource file not found: busy_sidebar_mac@2x.png
21:18:09 [WRN][         mforms]: Resource file not found: busy_sidebar_mac@2x.png
21:18:09 [WRN][         mforms]: Resource file not found: busy_sidebar_mac@2x.png
21:18:12 [WRN][         mforms]: Resource file not found: busy_sidebar_mac@2x.png
21:18:12 [WRN][         mforms]: Resource file not found: wb_perform_config@2x.png
21:18:12 [WRN][         mforms]: Resource file not found: busy_sidebar_mac@2x.png
21:18:12 [WRN][         mforms]: Resource file not found: busy_sidebar_mac@2x.png
21:18:57 [WRN][         mforms]: Resource file not found: busy_sidebar_mac@2x.png
21:18:57 [WRN][         mforms]: Resource file not found: wb_perform_config@2x.png
21:18:57 [WRN][         mforms]: Resource file not found: busy_sidebar_mac@2x.png
21:18:57 [WRN][         mforms]: Resource file not found: busy_sidebar_mac@2x.png
21:18:59 [WRN][         mforms]: Resource file not found: busy_sidebar_mac@2x.png
21:18:59 [WRN][         mforms]: Resource file not found: wb_perform_config@2x.png
21:18:59 [WRN][         mforms]: Resource file not found: busy_sidebar_mac@2x.png
21:18:59 [WRN][         mforms]: Resource file not found: busy_sidebar_mac@2x.png
21:19:12 [WRN][         mforms]: Resource file not found: busy_sidebar_mac@2x.png
21:19:12 [WRN][         mforms]: Resource file not found: wb_perform_config@2x.png
21:19:12 [WRN][         mforms]: Resource file not found: busy_sidebar_mac@2x.png
21:19:12 [WRN][         mforms]: Resource file not found: busy_sidebar_mac@2x.png
21:19:13 [WRN][         mforms]: Resource file not found: busy_sidebar_mac@2x.png
21:19:13 [WRN][         mforms]: Resource file not found: wb_perform_config@2x.png
21:19:13 [WRN][         mforms]: Resource file not found: busy_sidebar_mac@2x.png
21:19:13 [WRN][         mforms]: Resource file not found: busy_sidebar_mac@2x.png
21:19:13 [WRN][         mforms]: Resource file not found: busy_sidebar_mac@2x.png
21:19:17 [WRN][         mforms]: Resource file not found: wb_perform_config@2x.png
21:19:17 [WRN][         mforms]: Resource file not found: busy_sidebar_mac@2x.png
21:19:17 [WRN][         mforms]: Resource file not found: wb_perform_config@2x.png
21:19:17 [WRN][         mforms]: Resource file not found: busy_sidebar_mac@2x.png
21:19:17 [WRN][         mforms]: Resource file not found: busy_sidebar_mac@2x.png
21:19:17 [WRN][         mforms]: Resource file not found: busy_sidebar_mac@2x.png
21:19:17 [WRN][         mforms]: Resource file not found: busy_sidebar_mac@2x.png
21:19:21 [WRN][         mforms]: Resource file not found: busy_sidebar_mac@2x.png
21:19:21 [WRN][         mforms]: Resource file not found: busy_sidebar_mac@2x.png
21:19:21 [WRN][         mforms]: Resource file not found: wb_perform_config@2x.png
21:19:21 [WRN][         mforms]: Resource file not found: busy_sidebar_mac@2x.png
21:19:21 [WRN][         mforms]: Resource file not found: busy_sidebar_mac@2x.png
21:19:21 [WRN][         mforms]: Resource file not found: wb_perform_config@2x.png
21:19:21 [WRN][         mforms]: Resource file not found: busy_sidebar_mac@2x.png
21:19:21 [WRN][         mforms]: Resource file not found: busy_sidebar_mac@2x.png
21:19:21 [WRN][         mforms]: Resource file not found: busy_sidebar_mac@2x.png
21:19:21 [WRN][         mforms]: Resource file not found: busy_sidebar_mac@2x.png
21:19:21 [WRN][         mforms]: Resource file not found: busy_sidebar_mac@2x.png
21:19:21 [WRN][         mforms]: Resource file not found: busy_sidebar_mac@2x.png
21:19:21 [WRN][         mforms]: Resource file not found: busy_sidebar_mac@2x.png
